\BOOKMARK [0][-]{chapter*.1}{\376\377\000\315\000N\000D\000I\000C\000E\000\040\000G\000E\000N\000E\000R\000A\000L}{}% 1
\BOOKMARK [0][-]{chapter*.2}{\376\377\000\315\000N\000D\000I\000C\000E\000\040\000D\000E\000\040\000F\000I\000G\000U\000R\000A\000S}{}% 2
\BOOKMARK [0][-]{chapter*.3}{\376\377\000I\000N\000T\000R\000O\000D\000U\000C\000C\000I\000\323\000N}{}% 3
\BOOKMARK [0][-]{chapter.1}{\376\377\000D\000E\000S\000A\000R\000R\000O\000L\000L\000O\000\040\000D\000E\000\040\000L\000A\000\040\000A\000R\000Q\000U\000I\000T\000E\000C\000T\000U\000R\000A\000\040\000D\000E\000\040\000L\000A\000\040\000I\000N\000F\000O\000R\000M\000A\000C\000I\000\323\000N}{}% 4
\BOOKMARK [1][-]{section.1.1}{\376\377\000D\000e\000f\000i\000n\000i\000c\000i\000\363\000n\000\040\000d\000e\000\040\000O\000b\000j\000e\000t\000i\000v\000o\000s\000\040\000d\000e\000l\000\040\000p\000r\000o\000y\000e\000c\000t\000o}{chapter.1}% 5
\BOOKMARK [2][-]{subsection.1.1.1}{\376\377\000O\000b\000j\000e\000t\000i\000v\000o\000\040\000G\000e\000n\000e\000r\000a\000l}{section.1.1}% 6
\BOOKMARK [2][-]{subsection.1.1.2}{\376\377\000O\000b\000j\000e\000t\000i\000v\000o\000s\000\040\000E\000s\000p\000e\000c\000\355\000f\000i\000c\000o\000s}{section.1.1}% 7
\BOOKMARK [1][-]{section.1.2}{\376\377\000D\000e\000f\000i\000n\000i\000c\000i\000\363\000n\000\040\000d\000e\000\040\000A\000u\000d\000i\000e\000n\000c\000i\000a}{chapter.1}% 8
\BOOKMARK [1][-]{section.1.3}{\376\377\000D\000e\000f\000i\000n\000i\000c\000i\000\363\000n\000\040\000d\000e\000\040\000C\000o\000n\000t\000e\000n\000i\000d\000o\000s\000\040\000d\000e\000l\000\040\000P\000r\000o\000y\000e\000c\000t\000o}{chapter.1}% 9
\BOOKMARK [2][-]{subsection.1.3.1}{\376\377\000B\000a\000c\000k\000e\000n\000d}{section.1.3}% 10
\BOOKMARK [2][-]{subsection.1.3.2}{\376\377\000F\000r\000o\000n\000t\000e\000n\000d}{section.1.3}% 11
\BOOKMARK [1][-]{section.1.4}{\376\377\000D\000e\000f\000i\000n\000i\000c\000i\000\363\000n\000\040\000d\000e\000\040\000l\000a\000\040\000A\000r\000q\000u\000i\000t\000e\000c\000t\000u\000r\000a\000\040\000d\000e\000l\000\040\000P\000r\000o\000y\000e\000c\000t\000o}{chapter.1}% 12
\BOOKMARK [1][-]{section.1.5}{\376\377\000D\000e\000f\000i\000n\000i\000c\000i\000\363\000n\000\040\000d\000e\000\040\000l\000o\000s\000\040\000S\000i\000s\000t\000e\000m\000a\000s\000\040\000d\000e\000\040\000N\000a\000v\000e\000g\000a\000c\000i\000\363\000n}{chapter.1}% 13
\BOOKMARK [1][-]{section.1.6}{\376\377\000D\000e\000f\000i\000n\000i\000c\000i\000\363\000n\000\040\000d\000e\000l\000\040\000D\000i\000s\000e\000\361\000o\000\040\000V\000i\000s\000u\000a\000l\000\040\000d\000e\000l\000\040\000p\000r\000o\000y\000e\000c\000t\000o}{chapter.1}% 14
\BOOKMARK [0][-]{chapter.2}{\376\377\000R\000E\000Q\000U\000E\000R\000I\000M\000I\000E\000N\000T\000O\000S\000\040\000D\000E\000L\000\040\000P\000R\000O\000Y\000E\000C\000T\000O}{}% 15
\BOOKMARK [1][-]{section.2.1}{\376\377\000F\000u\000n\000c\000i\000o\000n\000a\000l\000e\000s}{chapter.2}% 16
\BOOKMARK [1][-]{section.2.2}{\376\377\000N\000o\000\040\000F\000u\000n\000c\000i\000o\000n\000a\000l\000e\000s}{chapter.2}% 17
\BOOKMARK [0][-]{chapter.3}{\376\377\000D\000E\000S\000A\000R\000R\000O\000L\000L\000O\000\040\000D\000E\000\040\000D\000I\000A\000G\000R\000A\000M\000A\000S\000\040\000U\000M\000L}{}% 18
\BOOKMARK [0][-]{chapter.4}{\376\377\000D\000I\000A\000G\000R\000A\000M\000A\000S\000\040\000D\000E\000\040\000B\000D}{}% 19
\BOOKMARK [0][-]{chapter*.4}{\376\377\000C\000O\000N\000C\000L\000U\000S\000I\000O\000N\000E\000S\000\040\000G\000E\000N\000E\000R\000A\000L\000E\000S}{}% 20
\BOOKMARK [0][-]{chapter*.5}{\376\377\000B\000I\000B\000L\000I\000O\000G\000R\000A\000F\000\315\000A}{}% 21
